18:05:09,963 ERROR MyExceptionHandler:20 - com.dinesh.piloting.exp.MyException: MyStruts : null
12:18:34,635 ERROR DispatchAction:195 - Request[/Locale] does not contain handler parameter named 'method'.  This may be caused by whitespace in the label text.
12:32:46,715 ERROR DispatchAction:257 - Action[/Locale] does not contain method named 'france'
java.lang.NoSuchMethodException: com.dinesh.piloting.action.LanguageSelectionAction.france(org.apache.struts.action.ActionMapping, org.apache.struts.action.ActionForm, javax.servlet.http.HttpServletRequest, javax.servlet.http.HttpServletResponse)
	at java.lang.Class.getMethod(Class.java:1605)
	at org.apache.struts.actions.DispatchAction.getMethod(DispatchAction.java:348)
	at org.apache.struts.actions.DispatchAction.dispatchMethod(DispatchAction.java:252)
	at com.dinesh.piloting.action.LanguageSelectionAction.dispatchMethod(LanguageSelectionAction.java:19)
	at org.apache.struts.actions.DispatchAction.execute(DispatchAction.java:170)
	at org.apache.struts.chain.commands.servlet.ExecuteAction.execute(ExecuteAction.java:58)
	at org.apache.struts.chain.commands.AbstractExecuteAction.execute(AbstractExecuteAction.java:67)
	at org.apache.struts.chain.commands.ActionCommandBase.execute(ActionCommandBase.java:51)
	at org.apache.commons.chain.impl.ChainBase.execute(ChainBase.java:191)
	at org.apache.commons.chain.generic.LookupCommand.execute(LookupCommand.java:305)
	at org.apache.commons.chain.impl.ChainBase.execute(ChainBase.java:191)
	at org.apache.struts.chain.ComposableRequestProcessor.process(ComposableRequestProcessor.java:283)
	at org.apache.struts.action.ActionServlet.process(ActionServlet.java:1913)
	at org.apache.struts.action.ActionServlet.doGet(ActionServlet.java:449)
	at javax.servlet.http.HttpServlet.service(HttpServlet.java:621)
	at javax.servlet.http.HttpServlet.service(HttpServlet.java:722)
	at org.apache.catalina.core.ApplicationFilterChain.internalDoFilter(ApplicationFilterChain.java:305)
	at org.apache.catalina.core.ApplicationFilterChain.doFilter(ApplicationFilterChain.java:210)
	at org.apache.catalina.core.StandardWrapperValve.invoke(StandardWrapperValve.java:222)
	at org.apache.catalina.core.StandardContextValve.invoke(StandardContextValve.java:123)
	at org.apache.catalina.authenticator.AuthenticatorBase.invoke(AuthenticatorBase.java:472)
	at org.apache.catalina.core.StandardHostValve.invoke(StandardHostValve.java:168)
	at org.apache.catalina.valves.ErrorReportValve.invoke(ErrorReportValve.java:99)
	at org.apache.catalina.valves.AccessLogValve.invoke(AccessLogValve.java:929)
	at org.apache.catalina.core.StandardEngineValve.invoke(StandardEngineValve.java:118)
	at org.apache.catalina.connector.CoyoteAdapter.service(CoyoteAdapter.java:407)
	at org.apache.coyote.http11.AbstractHttp11Processor.process(AbstractHttp11Processor.java:1002)
	at org.apache.coyote.AbstractProtocol$AbstractConnectionHandler.process(AbstractProtocol.java:585)
	at org.apache.tomcat.util.net.JIoEndpoint$SocketProcessor.run(JIoEndpoint.java:310)
	at java.util.concurrent.ThreadPoolExecutor$Worker.runTask(ThreadPoolExecutor.java:886)
	at java.util.concurrent.ThreadPoolExecutor$Worker.run(ThreadPoolExecutor.java:908)
	at java.lang.Thread.run(Thread.java:662)
12:38:55,533 ERROR MyExceptionHandler:20 - com.dinesh.piloting.exp.MyException: MyStruts : null
12:51:31,182 ERROR ValidatorPlugIn:173 - Skipping validation rules file from '/WEB-INF/validator-rules.xml'.  No url could be located.
javax.servlet.ServletException: Skipping validation rules file from '/WEB-INF/validator-rules.xml'.  No url could be located.
	at org.apache.struts.validator.ValidatorPlugIn.initResources(ValidatorPlugIn.java:231)
	at org.apache.struts.validator.ValidatorPlugIn.init(ValidatorPlugIn.java:164)
	at org.apache.struts.action.ActionServlet.initModulePlugIns(ActionServlet.java:871)
	at org.apache.struts.action.ActionServlet.init(ActionServlet.java:359)
	at javax.servlet.GenericServlet.init(GenericServlet.java:160)
	at org.apache.catalina.core.StandardWrapper.initServlet(StandardWrapper.java:1266)
	at org.apache.catalina.core.StandardWrapper.loadServlet(StandardWrapper.java:1185)
	at org.apache.catalina.core.StandardWrapper.load(StandardWrapper.java:1080)
	at org.apache.catalina.core.StandardContext.loadOnStartup(StandardContext.java:5027)
	at org.apache.catalina.core.StandardContext.startInternal(StandardContext.java:5314)
	at org.apache.catalina.util.LifecycleBase.start(LifecycleBase.java:150)
	at org.apache.catalina.core.ContainerBase$StartChild.call(ContainerBase.java:1559)
	at org.apache.catalina.core.ContainerBase$StartChild.call(ContainerBase.java:1549)
	at java.util.concurrent.FutureTask$Sync.innerRun(FutureTask.java:303)
	at java.util.concurrent.FutureTask.run(FutureTask.java:138)
	at java.util.concurrent.ThreadPoolExecutor$Worker.runTask(ThreadPoolExecutor.java:886)
	at java.util.concurrent.ThreadPoolExecutor$Worker.run(ThreadPoolExecutor.java:908)
	at java.lang.Thread.run(Thread.java:662)
